2021-01-04 17:19:49.340  INFO 9924 --- [main] .t.TaxFilingAppicationSprint2Application : Starting TaxFilingAppicationSprint2Application using Java 1.8.0_161 on DESKTOP-N6OTCTD with PID 9924 (C:\Users\Admin\git\repository4\TaxFilingAppicationSprint2\target\classes started by Admin in C:\Users\Admin\git\repository4\TaxFilingAppicationSprint2)
2021-01-04 17:19:49.346  INFO 9924 --- [main] .t.TaxFilingAppicationSprint2Application : No active profile set, falling back to default profiles: default
2021-01-04 17:19:51.443  INFO 9924 --- [main] .s.d.r.c.RepositoryConfigurationDelegate : Bootstrapping Spring Data JPA repositories in DEFAULT mode.
2021-01-04 17:19:51.606  INFO 9924 --- [main] .s.d.r.c.RepositoryConfigurationDelegate : Finished Spring Data repository scanning in 147 ms. Found 6 JPA repository interfaces.
2021-01-04 17:19:53.091  INFO 9924 --- [main] o.s.b.w.embedded.tomcat.TomcatWebServer  : Tomcat initialized with port(s): 8081 (http)
2021-01-04 17:19:53.107  INFO 9924 --- [main] o.apache.catalina.core.StandardService   : Starting service [Tomcat]
2021-01-04 17:19:53.108  INFO 9924 --- [main] org.apache.catalina.core.StandardEngine  : Starting Servlet engine: [Apache Tomcat/9.0.41]
2021-01-04 17:19:53.274  INFO 9924 --- [main] o.a.c.c.C.[Tomcat].[localhost].[/]       : Initializing Spring embedded WebApplicationContext
2021-01-04 17:19:53.275  INFO 9924 --- [main] w.s.c.ServletWebServerApplicationContext : Root WebApplicationContext: initialization completed in 3699 ms
2021-01-04 17:19:53.713  INFO 9924 --- [main] o.hibernate.jpa.internal.util.LogHelper  : HHH000204: Processing PersistenceUnitInfo [name: default]
2021-01-04 17:19:53.871  INFO 9924 --- [main] org.hibernate.Version                    : HHH000412: Hibernate Core {5.4.1.Final}
2021-01-04 17:19:54.367  INFO 9924 --- [main] o.hibernate.annotations.common.Version   : HCANN000001: Hibernate Commons Annotations {5.1.0.Final}
2021-01-04 17:19:54.622  INFO 9924 --- [main] com.zaxxer.hikari.HikariDataSource       : HikariPool-1 - Starting...
2021-01-04 17:19:54.822  INFO 9924 --- [main] com.zaxxer.hikari.HikariDataSource       : HikariPool-1 - Start completed.
2021-01-04 17:19:54.859  INFO 9924 --- [main] org.hibernate.dialect.Dialect            : HHH000400: Using dialect: org.hibernate.dialect.PostgreSQLDialect
2021-01-04 17:19:56.829  INFO 9924 --- [main] o.h.e.t.j.p.i.JtaPlatformInitiator       : HHH000490: Using JtaPlatform implementation: [org.hibernate.engine.transaction.jta.platform.internal.NoJtaPlatform]
2021-01-04 17:19:56.832  INFO 9924 --- [main] j.LocalContainerEntityManagerFactoryBean : Initialized JPA EntityManagerFactory for persistence unit 'default'
2021-01-04 17:19:58.412  WARN 9924 --- [main] JpaBaseConfiguration$JpaWebConfiguration : spring.jpa.open-in-view is enabled by default. Therefore, database queries may be performed during view rendering. Explicitly configure spring.jpa.open-in-view to disable this warning
2021-01-04 17:19:58.695  INFO 9924 --- [main] pertySourcedRequestMappingHandlerMapping : Mapped URL path [/v2/api-docs] onto method [springfox.documentation.swagger2.web.Swagger2Controller#getDocumentation(String, HttpServletRequest)]
2021-01-04 17:19:59.108  INFO 9924 --- [main] o.s.s.concurrent.ThreadPoolTaskExecutor  : Initializing ExecutorService 'applicationTaskExecutor'
2021-01-04 17:19:59.420  INFO 9924 --- [main] o.s.b.w.embedded.tomcat.TomcatWebServer  : Tomcat started on port(s): 8081 (http) with context path ''
2021-01-04 17:19:59.421  INFO 9924 --- [main] d.s.w.p.DocumentationPluginsBootstrapper : Context refreshed
2021-01-04 17:19:59.479  INFO 9924 --- [main] d.s.w.p.DocumentationPluginsBootstrapper : Found 1 custom documentation plugin(s)
2021-01-04 17:19:59.566  INFO 9924 --- [main] s.d.s.w.s.ApiListingReferenceScanner     : Scanning for api listing references
2021-01-04 17:20:00.280  INFO 9924 --- [main] .t.TaxFilingAppicationSprint2Application : Started TaxFilingAppicationSprint2Application in 11.807 seconds (JVM running for 12.429)
2021-01-04 17:20:12.732  INFO 9924 --- [http-nio-8081-exec-1] o.a.c.c.C.[Tomcat].[localhost].[/]       : Initializing Spring DispatcherServlet 'dispatcherServlet'
2021-01-04 17:20:12.733  INFO 9924 --- [http-nio-8081-exec-1] o.s.web.servlet.DispatcherServlet        : Initializing Servlet 'dispatcherServlet'
2021-01-04 17:20:12.735  INFO 9924 --- [http-nio-8081-exec-1] o.s.web.servlet.DispatcherServlet        : Completed initialization in 2 ms
2021-01-04 17:20:40.006  INFO 9924 --- [http-nio-8081-exec-6] c.t.controller.RegistrationController    : Registration of employer is done successfully
2021-01-04 17:37:40.898  INFO 11764 --- [main] c.e.T.c.AddTaxDetailsControllerTest      : Starting AddTaxDetailsControllerTest using Java 1.8.0_161 on DESKTOP-N6OTCTD with PID 11764 (started by Admin in C:\Users\Admin\git\repository4\TaxFilingAppicationSprint2)
2021-01-04 17:37:40.906  INFO 11764 --- [main] c.e.T.c.AddTaxDetailsControllerTest      : No active profile set, falling back to default profiles: default
2021-01-04 17:37:45.456  INFO 11764 --- [main] pertySourcedRequestMappingHandlerMapping : Mapped URL path [/v2/api-docs] onto method [springfox.documentation.swagger2.web.Swagger2Controller#getDocumentation(String, HttpServletRequest)]
2021-01-04 17:37:45.948  INFO 11764 --- [main] o.s.s.concurrent.ThreadPoolTaskExecutor  : Initializing ExecutorService 'applicationTaskExecutor'
2021-01-04 17:37:46.502  INFO 11764 --- [main] o.s.b.t.m.w.SpringBootMockServletContext : Initializing Spring TestDispatcherServlet ''
2021-01-04 17:37:46.503  INFO 11764 --- [main] o.s.t.web.servlet.TestDispatcherServlet  : Initializing Servlet ''
2021-01-04 17:37:46.506  INFO 11764 --- [main] o.s.t.web.servlet.TestDispatcherServlet  : Completed initialization in 3 ms
2021-01-04 17:37:46.592  INFO 11764 --- [main] d.s.w.p.DocumentationPluginsBootstrapper : Context refreshed
2021-01-04 17:37:46.644  INFO 11764 --- [main] d.s.w.p.DocumentationPluginsBootstrapper : Found 1 custom documentation plugin(s)
2021-01-04 17:37:46.726  INFO 11764 --- [main] s.d.s.w.s.ApiListingReferenceScanner     : Scanning for api listing references
2021-01-04 17:37:47.060  INFO 11764 --- [main] c.e.T.c.AddTaxDetailsControllerTest      : Started AddTaxDetailsControllerTest in 6.957 seconds (JVM running for 8.738)
2021-01-04 17:37:47.448  INFO 11764 --- [main] c.t.controller.AddTaxDetailsController   : Taxform details added successfully
2021-01-04 17:37:47.504  INFO 11764 --- [main] c.t.controller.AddTaxDetailsController   : Taxform details added successfully
2021-01-04 17:37:47.541  INFO 11764 --- [main] c.t.controller.AddTaxDetailsController   : Taxform details added successfully
2021-01-04 17:37:47.561  INFO 11764 --- [SpringContextShutdownHook] o.s.s.concurrent.ThreadPoolTaskExecutor  : Shutting down ExecutorService 'applicationTaskExecutor'
2021-01-04 17:38:39.787  INFO 4920 --- [main] c.e.T.c.EditProfileControllerTest        : Starting EditProfileControllerTest using Java 1.8.0_161 on DESKTOP-N6OTCTD with PID 4920 (started by Admin in C:\Users\Admin\git\repository4\TaxFilingAppicationSprint2)
2021-01-04 17:38:39.797  INFO 4920 --- [main] c.e.T.c.EditProfileControllerTest        : No active profile set, falling back to default profiles: default
2021-01-04 17:38:43.984  INFO 4920 --- [main] pertySourcedRequestMappingHandlerMapping : Mapped URL path [/v2/api-docs] onto method [springfox.documentation.swagger2.web.Swagger2Controller#getDocumentation(String, HttpServletRequest)]
2021-01-04 17:38:44.663  INFO 4920 --- [main] o.s.s.concurrent.ThreadPoolTaskExecutor  : Initializing ExecutorService 'applicationTaskExecutor'
2021-01-04 17:38:45.191  INFO 4920 --- [main] o.s.b.t.m.w.SpringBootMockServletContext : Initializing Spring TestDispatcherServlet ''
2021-01-04 17:38:45.192  INFO 4920 --- [main] o.s.t.web.servlet.TestDispatcherServlet  : Initializing Servlet ''
2021-01-04 17:38:45.195  INFO 4920 --- [main] o.s.t.web.servlet.TestDispatcherServlet  : Completed initialization in 3 ms
2021-01-04 17:38:45.247  INFO 4920 --- [main] d.s.w.p.DocumentationPluginsBootstrapper : Context refreshed
2021-01-04 17:38:45.295  INFO 4920 --- [main] d.s.w.p.DocumentationPluginsBootstrapper : Found 1 custom documentation plugin(s)
2021-01-04 17:38:45.362  INFO 4920 --- [main] s.d.s.w.s.ApiListingReferenceScanner     : Scanning for api listing references
2021-01-04 17:38:45.674  INFO 4920 --- [main] c.e.T.c.EditProfileControllerTest        : Started EditProfileControllerTest in 6.587 seconds (JVM running for 8.301)
2021-01-04 17:38:46.117  INFO 4920 --- [SpringContextShutdownHook] o.s.s.concurrent.ThreadPoolTaskExecutor  : Shutting down ExecutorService 'applicationTaskExecutor'
2021-01-04 17:40:05.064  INFO 9292 --- [main] c.e.T.c.EditProfileControllerTest        : Starting EditProfileControllerTest using Java 1.8.0_161 on DESKTOP-N6OTCTD with PID 9292 (started by Admin in C:\Users\Admin\git\repository4\TaxFilingAppicationSprint2)
2021-01-04 17:40:05.068  INFO 9292 --- [main] c.e.T.c.EditProfileControllerTest        : No active profile set, falling back to default profiles: default
2021-01-04 17:40:09.173  INFO 9292 --- [main] pertySourcedRequestMappingHandlerMapping : Mapped URL path [/v2/api-docs] onto method [springfox.documentation.swagger2.web.Swagger2Controller#getDocumentation(String, HttpServletRequest)]
2021-01-04 17:40:10.007  INFO 9292 --- [main] o.s.s.concurrent.ThreadPoolTaskExecutor  : Initializing ExecutorService 'applicationTaskExecutor'
2021-01-04 17:40:10.724  INFO 9292 --- [main] o.s.b.t.m.w.SpringBootMockServletContext : Initializing Spring TestDispatcherServlet ''
2021-01-04 17:40:10.724  INFO 9292 --- [main] o.s.t.web.servlet.TestDispatcherServlet  : Initializing Servlet ''
2021-01-04 17:40:10.726  INFO 9292 --- [main] o.s.t.web.servlet.TestDispatcherServlet  : Completed initialization in 2 ms
2021-01-04 17:40:10.783  INFO 9292 --- [main] d.s.w.p.DocumentationPluginsBootstrapper : Context refreshed
2021-01-04 17:40:10.833  INFO 9292 --- [main] d.s.w.p.DocumentationPluginsBootstrapper : Found 1 custom documentation plugin(s)
2021-01-04 17:40:10.916  INFO 9292 --- [main] s.d.s.w.s.ApiListingReferenceScanner     : Scanning for api listing references
2021-01-04 17:40:11.262  INFO 9292 --- [main] c.e.T.c.EditProfileControllerTest        : Started EditProfileControllerTest in 6.973 seconds (JVM running for 8.911)
2021-01-04 17:40:11.788  INFO 9292 --- [SpringContextShutdownHook] o.s.s.concurrent.ThreadPoolTaskExecutor  : Shutting down ExecutorService 'applicationTaskExecutor'
2021-01-04 17:41:03.723  INFO 15124 --- [main] c.e.T.c.EditProfileControllerTest        : Starting EditProfileControllerTest using Java 1.8.0_161 on DESKTOP-N6OTCTD with PID 15124 (started by Admin in C:\Users\Admin\git\repository4\TaxFilingAppicationSprint2)
2021-01-04 17:41:03.731  INFO 15124 --- [main] c.e.T.c.EditProfileControllerTest        : No active profile set, falling back to default profiles: default
2021-01-04 17:41:07.937  INFO 15124 --- [main] pertySourcedRequestMappingHandlerMapping : Mapped URL path [/v2/api-docs] onto method [springfox.documentation.swagger2.web.Swagger2Controller#getDocumentation(String, HttpServletRequest)]
2021-01-04 17:41:08.475  INFO 15124 --- [main] o.s.s.concurrent.ThreadPoolTaskExecutor  : Initializing ExecutorService 'applicationTaskExecutor'
2021-01-04 17:41:08.988  INFO 15124 --- [main] o.s.b.t.m.w.SpringBootMockServletContext : Initializing Spring TestDispatcherServlet ''
2021-01-04 17:41:08.989  INFO 15124 --- [main] o.s.t.web.servlet.TestDispatcherServlet  : Initializing Servlet ''
2021-01-04 17:41:08.992  INFO 15124 --- [main] o.s.t.web.servlet.TestDispatcherServlet  : Completed initialization in 2 ms
2021-01-04 17:41:09.083  INFO 15124 --- [main] d.s.w.p.DocumentationPluginsBootstrapper : Context refreshed
2021-01-04 17:41:09.132  INFO 15124 --- [main] d.s.w.p.DocumentationPluginsBootstrapper : Found 1 custom documentation plugin(s)
2021-01-04 17:41:09.201  INFO 15124 --- [main] s.d.s.w.s.ApiListingReferenceScanner     : Scanning for api listing references
2021-01-04 17:41:09.485  INFO 15124 --- [main] c.e.T.c.EditProfileControllerTest        : Started EditProfileControllerTest in 6.519 seconds (JVM running for 8.224)
2021-01-04 17:41:10.026  INFO 15124 --- [SpringContextShutdownHook] o.s.s.concurrent.ThreadPoolTaskExecutor  : Shutting down ExecutorService 'applicationTaskExecutor'
2021-01-04 17:42:06.539  INFO 14424 --- [main] c.e.T.c.EditProfileControllerTest        : Starting EditProfileControllerTest using Java 1.8.0_161 on DESKTOP-N6OTCTD with PID 14424 (started by Admin in C:\Users\Admin\git\repository4\TaxFilingAppicationSprint2)
2021-01-04 17:42:06.550  INFO 14424 --- [main] c.e.T.c.EditProfileControllerTest        : No active profile set, falling back to default profiles: default
2021-01-04 17:42:10.881  INFO 14424 --- [main] pertySourcedRequestMappingHandlerMapping : Mapped URL path [/v2/api-docs] onto method [springfox.documentation.swagger2.web.Swagger2Controller#getDocumentation(String, HttpServletRequest)]
2021-01-04 17:42:11.372  INFO 14424 --- [main] o.s.s.concurrent.ThreadPoolTaskExecutor  : Initializing ExecutorService 'applicationTaskExecutor'
2021-01-04 17:42:11.919  INFO 14424 --- [main] o.s.b.t.m.w.SpringBootMockServletContext : Initializing Spring TestDispatcherServlet ''
2021-01-04 17:42:11.920  INFO 14424 --- [main] o.s.t.web.servlet.TestDispatcherServlet  : Initializing Servlet ''
2021-01-04 17:42:11.922  INFO 14424 --- [main] o.s.t.web.servlet.TestDispatcherServlet  : Completed initialization in 2 ms
2021-01-04 17:42:11.992  INFO 14424 --- [main] d.s.w.p.DocumentationPluginsBootstrapper : Context refreshed
2021-01-04 17:42:12.057  INFO 14424 --- [main] d.s.w.p.DocumentationPluginsBootstrapper : Found 1 custom documentation plugin(s)
2021-01-04 17:42:12.131  INFO 14424 --- [main] s.d.s.w.s.ApiListingReferenceScanner     : Scanning for api listing references
2021-01-04 17:42:12.415  INFO 14424 --- [main] c.e.T.c.EditProfileControllerTest        : Started EditProfileControllerTest in 6.555 seconds (JVM running for 8.234)
2021-01-04 17:42:12.825  INFO 14424 --- [SpringContextShutdownHook] o.s.s.concurrent.ThreadPoolTaskExecutor  : Shutting down ExecutorService 'applicationTaskExecutor'
2021-01-04 17:43:06.446  INFO 2464 --- [main] c.e.T.controller.LoginControllerTest     : Starting LoginControllerTest using Java 1.8.0_161 on DESKTOP-N6OTCTD with PID 2464 (started by Admin in C:\Users\Admin\git\repository4\TaxFilingAppicationSprint2)
2021-01-04 17:43:06.451  INFO 2464 --- [main] c.e.T.controller.LoginControllerTest     : No active profile set, falling back to default profiles: default
2021-01-04 17:43:10.947  INFO 2464 --- [main] pertySourcedRequestMappingHandlerMapping : Mapped URL path [/v2/api-docs] onto method [springfox.documentation.swagger2.web.Swagger2Controller#getDocumentation(String, HttpServletRequest)]
2021-01-04 17:43:11.445  INFO 2464 --- [main] o.s.s.concurrent.ThreadPoolTaskExecutor  : Initializing ExecutorService 'applicationTaskExecutor'
2021-01-04 17:43:11.995  INFO 2464 --- [main] o.s.b.t.m.w.SpringBootMockServletContext : Initializing Spring TestDispatcherServlet ''
2021-01-04 17:43:11.996  INFO 2464 --- [main] o.s.t.web.servlet.TestDispatcherServlet  : Initializing Servlet ''
2021-01-04 17:43:12.017  INFO 2464 --- [main] o.s.t.web.servlet.TestDispatcherServlet  : Completed initialization in 9 ms
2021-01-04 17:43:12.095  INFO 2464 --- [main] d.s.w.p.DocumentationPluginsBootstrapper : Context refreshed
2021-01-04 17:43:12.143  INFO 2464 --- [main] d.s.w.p.DocumentationPluginsBootstrapper : Found 1 custom documentation plugin(s)
2021-01-04 17:43:12.215  INFO 2464 --- [main] s.d.s.w.s.ApiListingReferenceScanner     : Scanning for api listing references
2021-01-04 17:43:12.410  INFO 2464 --- [main] c.e.T.controller.LoginControllerTest     : Started LoginControllerTest in 6.683 seconds (JVM running for 8.376)
2021-01-04 17:43:12.627  INFO 2464 --- [SpringContextShutdownHook] o.s.s.concurrent.ThreadPoolTaskExecutor  : Shutting down ExecutorService 'applicationTaskExecutor'
2021-01-04 17:43:32.627  INFO 6680 --- [main] c.e.T.controller.LoginControllerTest     : Starting LoginControllerTest using Java 1.8.0_161 on DESKTOP-N6OTCTD with PID 6680 (started by Admin in C:\Users\Admin\git\repository4\TaxFilingAppicationSprint2)
2021-01-04 17:43:32.633  INFO 6680 --- [main] c.e.T.controller.LoginControllerTest     : No active profile set, falling back to default profiles: default
2021-01-04 17:43:37.060  INFO 6680 --- [main] pertySourcedRequestMappingHandlerMapping : Mapped URL path [/v2/api-docs] onto method [springfox.documentation.swagger2.web.Swagger2Controller#getDocumentation(String, HttpServletRequest)]
2021-01-04 17:43:37.536  INFO 6680 --- [main] o.s.s.concurrent.ThreadPoolTaskExecutor  : Initializing ExecutorService 'applicationTaskExecutor'
2021-01-04 17:43:38.081  INFO 6680 --- [main] o.s.b.t.m.w.SpringBootMockServletContext : Initializing Spring TestDispatcherServlet ''
2021-01-04 17:43:38.081  INFO 6680 --- [main] o.s.t.web.servlet.TestDispatcherServlet  : Initializing Servlet ''
2021-01-04 17:43:38.083  INFO 6680 --- [main] o.s.t.web.servlet.TestDispatcherServlet  : Completed initialization in 2 ms
2021-01-04 17:43:38.169  INFO 6680 --- [main] d.s.w.p.DocumentationPluginsBootstrapper : Context refreshed
2021-01-04 17:43:38.215  INFO 6680 --- [main] d.s.w.p.DocumentationPluginsBootstrapper : Found 1 custom documentation plugin(s)
2021-01-04 17:43:38.287  INFO 6680 --- [main] s.d.s.w.s.ApiListingReferenceScanner     : Scanning for api listing references
2021-01-04 17:43:38.492  INFO 6680 --- [main] c.e.T.controller.LoginControllerTest     : Started LoginControllerTest in 6.615 seconds (JVM running for 8.455)
2021-01-04 17:43:38.835  INFO 6680 --- [SpringContextShutdownHook] o.s.s.concurrent.ThreadPoolTaskExecutor  : Shutting down ExecutorService 'applicationTaskExecutor'
2021-01-04 17:45:37.716  INFO 13356 --- [main] c.e.T.entity.CustomerTest                : Starting CustomerTest using Java 1.8.0_161 on DESKTOP-N6OTCTD with PID 13356 (started by Admin in C:\Users\Admin\git\repository4\TaxFilingAppicationSprint2)
2021-01-04 17:45:37.724  INFO 13356 --- [main] c.e.T.entity.CustomerTest                : No active profile set, falling back to default profiles: default
2021-01-04 17:45:39.962  INFO 13356 --- [main] .s.d.r.c.RepositoryConfigurationDelegate : Bootstrapping Spring Data JPA repositories in DEFAULT mode.
2021-01-04 17:45:40.258  INFO 13356 --- [main] .s.d.r.c.RepositoryConfigurationDelegate : Finished Spring Data repository scanning in 268 ms. Found 6 JPA repository interfaces.
2021-01-04 17:45:41.638  INFO 13356 --- [main] o.hibernate.jpa.internal.util.LogHelper  : HHH000204: Processing PersistenceUnitInfo [name: default]
2021-01-04 17:45:41.851  INFO 13356 --- [main] org.hibernate.Version                    : HHH000412: Hibernate Core {5.4.1.Final}
2021-01-04 17:45:42.140  INFO 13356 --- [main] o.hibernate.annotations.common.Version   : HCANN000001: Hibernate Commons Annotations {5.1.0.Final}
2021-01-04 17:45:42.604  INFO 13356 --- [main] com.zaxxer.hikari.HikariDataSource       : HikariPool-1 - Starting...
2021-01-04 17:45:42.792  INFO 13356 --- [main] com.zaxxer.hikari.HikariDataSource       : HikariPool-1 - Start completed.
2021-01-04 17:45:42.827  INFO 13356 --- [main] org.hibernate.dialect.Dialect            : HHH000400: Using dialect: org.hibernate.dialect.PostgreSQLDialect
2021-01-04 17:45:44.830  INFO 13356 --- [main] o.h.e.t.j.p.i.JtaPlatformInitiator       : HHH000490: Using JtaPlatform implementation: [org.hibernate.engine.transaction.jta.platform.internal.NoJtaPlatform]
2021-01-04 17:45:44.834  INFO 13356 --- [main] j.LocalContainerEntityManagerFactoryBean : Initialized JPA EntityManagerFactory for persistence unit 'default'
2021-01-04 17:45:47.745  WARN 13356 --- [main] JpaBaseConfiguration$JpaWebConfiguration : spring.jpa.open-in-view is enabled by default. Therefore, database queries may be performed during view rendering. Explicitly configure spring.jpa.open-in-view to disable this warning
2021-01-04 17:45:48.652  INFO 13356 --- [main] pertySourcedRequestMappingHandlerMapping : Mapped URL path [/v2/api-docs] onto method [springfox.documentation.swagger2.web.Swagger2Controller#getDocumentation(String, HttpServletRequest)]
2021-01-04 17:45:49.375  INFO 13356 --- [main] o.s.s.concurrent.ThreadPoolTaskExecutor  : Initializing ExecutorService 'applicationTaskExecutor'
2021-01-04 17:45:50.306  INFO 13356 --- [main] d.s.w.p.DocumentationPluginsBootstrapper : Context refreshed
2021-01-04 17:45:50.343  INFO 13356 --- [main] d.s.w.p.DocumentationPluginsBootstrapper : Found 1 custom documentation plugin(s)
2021-01-04 17:45:50.407  INFO 13356 --- [main] s.d.s.w.s.ApiListingReferenceScanner     : Scanning for api listing references
2021-01-04 17:45:50.866  INFO 13356 --- [main] c.e.T.entity.CustomerTest                : Started CustomerTest in 13.665 seconds (JVM running for 15.322)
2021-01-04 17:45:51.705  INFO 13356 --- [SpringContextShutdownHook] o.s.s.concurrent.ThreadPoolTaskExecutor  : Shutting down ExecutorService 'applicationTaskExecutor'
2021-01-04 17:45:51.736  INFO 13356 --- [SpringContextShutdownHook] j.LocalContainerEntityManagerFactoryBean : Closing JPA EntityManagerFactory for persistence unit 'default'
2021-01-04 17:45:52.061  INFO 13356 --- [SpringContextShutdownHook] com.zaxxer.hikari.HikariDataSource       : HikariPool-1 - Shutdown initiated...
2021-01-04 17:45:52.077  INFO 13356 --- [SpringContextShutdownHook] com.zaxxer.hikari.HikariDataSource       : HikariPool-1 - Shutdown completed.
2021-01-04 17:46:52.563  INFO 9156 --- [main] c.e.T.repository.CustomerRepositoryTest  : Starting CustomerRepositoryTest using Java 1.8.0_161 on DESKTOP-N6OTCTD with PID 9156 (started by Admin in C:\Users\Admin\git\repository4\TaxFilingAppicationSprint2)
2021-01-04 17:46:52.571  INFO 9156 --- [main] c.e.T.repository.CustomerRepositoryTest  : No active profile set, falling back to default profiles: default
2021-01-04 17:46:54.596  INFO 9156 --- [main] .s.d.r.c.RepositoryConfigurationDelegate : Bootstrapping Spring Data JPA repositories in DEFAULT mode.
2021-01-04 17:46:54.775  INFO 9156 --- [main] .s.d.r.c.RepositoryConfigurationDelegate : Finished Spring Data repository scanning in 163 ms. Found 6 JPA repository interfaces.
2021-01-04 17:46:56.004  INFO 9156 --- [main] o.hibernate.jpa.internal.util.LogHelper  : HHH000204: Processing PersistenceUnitInfo [name: default]
2021-01-04 17:46:56.115  INFO 9156 --- [main] org.hibernate.Version                    : HHH000412: Hibernate Core {5.4.1.Final}
2021-01-04 17:46:56.368  INFO 9156 --- [main] o.hibernate.annotations.common.Version   : HCANN000001: Hibernate Commons Annotations {5.1.0.Final}
2021-01-04 17:46:57.088  INFO 9156 --- [main] com.zaxxer.hikari.HikariDataSource       : HikariPool-1 - Starting...
2021-01-04 17:46:57.268  INFO 9156 --- [main] com.zaxxer.hikari.HikariDataSource       : HikariPool-1 - Start completed.
2021-01-04 17:46:57.294  INFO 9156 --- [main] org.hibernate.dialect.Dialect            : HHH000400: Using dialect: org.hibernate.dialect.PostgreSQLDialect
2021-01-04 17:46:59.508  INFO 9156 --- [main] o.h.e.t.j.p.i.JtaPlatformInitiator       : HHH000490: Using JtaPlatform implementation: [org.hibernate.engine.transaction.jta.platform.internal.NoJtaPlatform]
2021-01-04 17:46:59.512  INFO 9156 --- [main] j.LocalContainerEntityManagerFactoryBean : Initialized JPA EntityManagerFactory for persistence unit 'default'
2021-01-04 17:47:01.650  WARN 9156 --- [main] JpaBaseConfiguration$JpaWebConfiguration : spring.jpa.open-in-view is enabled by default. Therefore, database queries may be performed during view rendering. Explicitly configure spring.jpa.open-in-view to disable this warning
2021-01-04 17:47:02.914  INFO 9156 --- [main] pertySourcedRequestMappingHandlerMapping : Mapped URL path [/v2/api-docs] onto method [springfox.documentation.swagger2.web.Swagger2Controller#getDocumentation(String, HttpServletRequest)]
2021-01-04 17:47:03.607  INFO 9156 --- [main] o.s.s.concurrent.ThreadPoolTaskExecutor  : Initializing ExecutorService 'applicationTaskExecutor'
2021-01-04 17:47:04.345  INFO 9156 --- [main] d.s.w.p.DocumentationPluginsBootstrapper : Context refreshed
2021-01-04 17:47:04.388  INFO 9156 --- [main] d.s.w.p.DocumentationPluginsBootstrapper : Found 1 custom documentation plugin(s)
2021-01-04 17:47:04.467  INFO 9156 --- [main] s.d.s.w.s.ApiListingReferenceScanner     : Scanning for api listing references
2021-01-04 17:47:04.931  INFO 9156 --- [main] c.e.T.repository.CustomerRepositoryTest  : Started CustomerRepositoryTest in 12.906 seconds (JVM running for 14.694)
2021-01-04 17:47:05.415  INFO 9156 --- [SpringContextShutdownHook] o.s.s.concurrent.ThreadPoolTaskExecutor  : Shutting down ExecutorService 'applicationTaskExecutor'
2021-01-04 17:47:05.435  INFO 9156 --- [SpringContextShutdownHook] j.LocalContainerEntityManagerFactoryBean : Closing JPA EntityManagerFactory for persistence unit 'default'
2021-01-04 17:47:05.440  INFO 9156 --- [SpringContextShutdownHook] com.zaxxer.hikari.HikariDataSource       : HikariPool-1 - Shutdown initiated...
2021-01-04 17:47:05.455  INFO 9156 --- [SpringContextShutdownHook] com.zaxxer.hikari.HikariDataSource       : HikariPool-1 - Shutdown completed.
2021-01-04 17:48:10.335  INFO 11588 --- [main] c.e.T.repository.CustomerRepositoryTest  : Starting CustomerRepositoryTest using Java 1.8.0_161 on DESKTOP-N6OTCTD with PID 11588 (started by Admin in C:\Users\Admin\git\repository4\TaxFilingAppicationSprint2)
2021-01-04 17:48:10.340  INFO 11588 --- [main] c.e.T.repository.CustomerRepositoryTest  : No active profile set, falling back to default profiles: default
2021-01-04 17:48:12.767  INFO 11588 --- [main] .s.d.r.c.RepositoryConfigurationDelegate : Bootstrapping Spring Data JPA repositories in DEFAULT mode.
2021-01-04 17:48:12.933  INFO 11588 --- [main] .s.d.r.c.RepositoryConfigurationDelegate : Finished Spring Data repository scanning in 152 ms. Found 6 JPA repository interfaces.
2021-01-04 17:48:14.227  INFO 11588 --- [main] o.hibernate.jpa.internal.util.LogHelper  : HHH000204: Processing PersistenceUnitInfo [name: default]
2021-01-04 17:48:14.375  INFO 11588 --- [main] org.hibernate.Version                    : HHH000412: Hibernate Core {5.4.1.Final}
2021-01-04 17:48:14.640  INFO 11588 --- [main] o.hibernate.annotations.common.Version   : HCANN000001: Hibernate Commons Annotations {5.1.0.Final}
2021-01-04 17:48:15.142  INFO 11588 --- [main] com.zaxxer.hikari.HikariDataSource       : HikariPool-1 - Starting...
2021-01-04 17:48:15.312  INFO 11588 --- [main] com.zaxxer.hikari.HikariDataSource       : HikariPool-1 - Start completed.
2021-01-04 17:48:15.339  INFO 11588 --- [main] org.hibernate.dialect.Dialect            : HHH000400: Using dialect: org.hibernate.dialect.PostgreSQLDialect
2021-01-04 17:48:17.500  INFO 11588 --- [main] o.h.e.t.j.p.i.JtaPlatformInitiator       : HHH000490: Using JtaPlatform implementation: [org.hibernate.engine.transaction.jta.platform.internal.NoJtaPlatform]
2021-01-04 17:48:17.504  INFO 11588 --- [main] j.LocalContainerEntityManagerFactoryBean : Initialized JPA EntityManagerFactory for persistence unit 'default'
2021-01-04 17:48:19.812  WARN 11588 --- [main] JpaBaseConfiguration$JpaWebConfiguration : spring.jpa.open-in-view is enabled by default. Therefore, database queries may be performed during view rendering. Explicitly configure spring.jpa.open-in-view to disable this warning
2021-01-04 17:48:20.708  INFO 11588 --- [main] pertySourcedRequestMappingHandlerMapping : Mapped URL path [/v2/api-docs] onto method [springfox.documentation.swagger2.web.Swagger2Controller#getDocumentation(String, HttpServletRequest)]
2021-01-04 17:48:21.445  INFO 11588 --- [main] o.s.s.concurrent.ThreadPoolTaskExecutor  : Initializing ExecutorService 'applicationTaskExecutor'
2021-01-04 17:48:22.167  INFO 11588 --- [main] d.s.w.p.DocumentationPluginsBootstrapper : Context refreshed
2021-01-04 17:48:22.210  INFO 11588 --- [main] d.s.w.p.DocumentationPluginsBootstrapper : Found 1 custom documentation plugin(s)
2021-01-04 17:48:22.272  INFO 11588 --- [main] s.d.s.w.s.ApiListingReferenceScanner     : Scanning for api listing references
2021-01-04 17:48:22.796  INFO 11588 --- [main] c.e.T.repository.CustomerRepositoryTest  : Started CustomerRepositoryTest in 13.026 seconds (JVM running for 14.602)
2021-01-04 17:48:23.282  INFO 11588 --- [SpringContextShutdownHook] o.s.s.concurrent.ThreadPoolTaskExecutor  : Shutting down ExecutorService 'applicationTaskExecutor'
2021-01-04 17:48:23.304  INFO 11588 --- [SpringContextShutdownHook] j.LocalContainerEntityManagerFactoryBean : Closing JPA EntityManagerFactory for persistence unit 'default'
2021-01-04 17:48:23.318  INFO 11588 --- [SpringContextShutdownHook] com.zaxxer.hikari.HikariDataSource       : HikariPool-1 - Shutdown initiated...
2021-01-04 17:48:23.331  INFO 11588 --- [SpringContextShutdownHook] com.zaxxer.hikari.HikariDataSource       : HikariPool-1 - Shutdown completed.
2021-01-04 17:49:17.967  INFO 6656 --- [main] c.e.T.Service.EditProfileServiceTest     : Starting EditProfileServiceTest using Java 1.8.0_161 on DESKTOP-N6OTCTD with PID 6656 (started by Admin in C:\Users\Admin\git\repository4\TaxFilingAppicationSprint2)
2021-01-04 17:49:17.972  INFO 6656 --- [main] c.e.T.Service.EditProfileServiceTest     : No active profile set, falling back to default profiles: default
2021-01-04 17:49:20.080  INFO 6656 --- [main] .s.d.r.c.RepositoryConfigurationDelegate : Bootstrapping Spring Data JPA repositories in DEFAULT mode.
2021-01-04 17:49:20.246  INFO 6656 --- [main] .s.d.r.c.RepositoryConfigurationDelegate : Finished Spring Data repository scanning in 151 ms. Found 6 JPA repository interfaces.
2021-01-04 17:49:22.186  INFO 6656 --- [main] o.hibernate.jpa.internal.util.LogHelper  : HHH000204: Processing PersistenceUnitInfo [name: default]
2021-01-04 17:49:22.355  INFO 6656 --- [main] org.hibernate.Version                    : HHH000412: Hibernate Core {5.4.1.Final}
2021-01-04 17:49:22.469  INFO 6656 --- [main] o.hibernate.annotations.common.Version   : HCANN000001: Hibernate Commons Annotations {5.1.0.Final}
2021-01-04 17:49:22.983  INFO 6656 --- [main] com.zaxxer.hikari.HikariDataSource       : HikariPool-1 - Starting...
2021-01-04 17:49:23.222  INFO 6656 --- [main] com.zaxxer.hikari.HikariDataSource       : HikariPool-1 - Start completed.
2021-01-04 17:49:23.366  INFO 6656 --- [main] org.hibernate.dialect.Dialect            : HHH000400: Using dialect: org.hibernate.dialect.PostgreSQLDialect
2021-01-04 17:49:25.376  INFO 6656 --- [main] o.h.e.t.j.p.i.JtaPlatformInitiator       : HHH000490: Using JtaPlatform implementation: [org.hibernate.engine.transaction.jta.platform.internal.NoJtaPlatform]
2021-01-04 17:49:25.379  INFO 6656 --- [main] j.LocalContainerEntityManagerFactoryBean : Initialized JPA EntityManagerFactory for persistence unit 'default'
2021-01-04 17:49:27.447  WARN 6656 --- [main] JpaBaseConfiguration$JpaWebConfiguration : spring.jpa.open-in-view is enabled by default. Therefore, database queries may be performed during view rendering. Explicitly configure spring.jpa.open-in-view to disable this warning
2021-01-04 17:49:28.153  INFO 6656 --- [main] pertySourcedRequestMappingHandlerMapping : Mapped URL path [/v2/api-docs] onto method [springfox.documentation.swagger2.web.Swagger2Controller#getDocumentation(String, HttpServletRequest)]
2021-01-04 17:49:28.856  INFO 6656 --- [main] o.s.s.concurrent.ThreadPoolTaskExecutor  : Initializing ExecutorService 'applicationTaskExecutor'
2021-01-04 17:49:29.817  INFO 6656 --- [main] d.s.w.p.DocumentationPluginsBootstrapper : Context refreshed
2021-01-04 17:49:29.901  INFO 6656 --- [main] d.s.w.p.DocumentationPluginsBootstrapper : Found 1 custom documentation plugin(s)
2021-01-04 17:49:30.049  INFO 6656 --- [main] s.d.s.w.s.ApiListingReferenceScanner     : Scanning for api listing references
2021-01-04 17:49:30.804  INFO 6656 --- [main] c.e.T.Service.EditProfileServiceTest     : Started EditProfileServiceTest in 13.612 seconds (JVM running for 15.411)
2021-01-04 17:49:31.167  INFO 6656 --- [SpringContextShutdownHook] o.s.s.concurrent.ThreadPoolTaskExecutor  : Shutting down ExecutorService 'applicationTaskExecutor'
2021-01-04 17:49:31.183  INFO 6656 --- [SpringContextShutdownHook] j.LocalContainerEntityManagerFactoryBean : Closing JPA EntityManagerFactory for persistence unit 'default'
2021-01-04 17:49:31.197  INFO 6656 --- [SpringContextShutdownHook] com.zaxxer.hikari.HikariDataSource       : HikariPool-1 - Shutdown initiated...
2021-01-04 17:49:31.212  INFO 6656 --- [SpringContextShutdownHook] com.zaxxer.hikari.HikariDataSource       : HikariPool-1 - Shutdown completed.
2021-01-04 17:49:50.940  INFO 1244 --- [main] c.e.T.Service.AddTaxDetailsServiceTest   : Starting AddTaxDetailsServiceTest using Java 1.8.0_161 on DESKTOP-N6OTCTD with PID 1244 (started by Admin in C:\Users\Admin\git\repository4\TaxFilingAppicationSprint2)
2021-01-04 17:49:50.945  INFO 1244 --- [main] c.e.T.Service.AddTaxDetailsServiceTest   : No active profile set, falling back to default profiles: default
2021-01-04 17:49:53.334  INFO 1244 --- [main] .s.d.r.c.RepositoryConfigurationDelegate : Bootstrapping Spring Data JPA repositories in DEFAULT mode.
2021-01-04 17:49:53.501  INFO 1244 --- [main] .s.d.r.c.RepositoryConfigurationDelegate : Finished Spring Data repository scanning in 151 ms. Found 6 JPA repository interfaces.
2021-01-04 17:49:55.511  INFO 1244 --- [main] o.hibernate.jpa.internal.util.LogHelper  : HHH000204: Processing PersistenceUnitInfo [name: default]
2021-01-04 17:49:55.703  INFO 1244 --- [main] org.hibernate.Version                    : HHH000412: Hibernate Core {5.4.1.Final}
2021-01-04 17:49:55.867  INFO 1244 --- [main] o.hibernate.annotations.common.Version   : HCANN000001: Hibernate Commons Annotations {5.1.0.Final}
2021-01-04 17:49:56.365  INFO 1244 --- [main] com.zaxxer.hikari.HikariDataSource       : HikariPool-1 - Starting...
2021-01-04 17:49:56.516  INFO 1244 --- [main] com.zaxxer.hikari.HikariDataSource       : HikariPool-1 - Start completed.
2021-01-04 17:49:56.555  INFO 1244 --- [main] org.hibernate.dialect.Dialect            : HHH000400: Using dialect: org.hibernate.dialect.PostgreSQLDialect
2021-01-04 17:49:58.457  INFO 1244 --- [main] o.h.e.t.j.p.i.JtaPlatformInitiator       : HHH000490: Using JtaPlatform implementation: [org.hibernate.engine.transaction.jta.platform.internal.NoJtaPlatform]
2021-01-04 17:49:58.463  INFO 1244 --- [main] j.LocalContainerEntityManagerFactoryBean : Initialized JPA EntityManagerFactory for persistence unit 'default'
2021-01-04 17:50:00.895  WARN 1244 --- [main] JpaBaseConfiguration$JpaWebConfiguration : spring.jpa.open-in-view is enabled by default. Therefore, database queries may be performed during view rendering. Explicitly configure spring.jpa.open-in-view to disable this warning
2021-01-04 17:50:01.557  INFO 1244 --- [main] pertySourcedRequestMappingHandlerMapping : Mapped URL path [/v2/api-docs] onto method [springfox.documentation.swagger2.web.Swagger2Controller#getDocumentation(String, HttpServletRequest)]
2021-01-04 17:50:02.257  INFO 1244 --- [main] o.s.s.concurrent.ThreadPoolTaskExecutor  : Initializing ExecutorService 'applicationTaskExecutor'
2021-01-04 17:50:03.169  INFO 1244 --- [main] d.s.w.p.DocumentationPluginsBootstrapper : Context refreshed
2021-01-04 17:50:03.216  INFO 1244 --- [main] d.s.w.p.DocumentationPluginsBootstrapper : Found 1 custom documentation plugin(s)
2021-01-04 17:50:03.287  INFO 1244 --- [main] s.d.s.w.s.ApiListingReferenceScanner     : Scanning for api listing references
2021-01-04 17:50:03.985  INFO 1244 --- [main] c.e.T.Service.AddTaxDetailsServiceTest   : Started AddTaxDetailsServiceTest in 13.573 seconds (JVM running for 15.289)
2021-01-04 17:50:04.493  INFO 1244 --- [SpringContextShutdownHook] o.s.s.concurrent.ThreadPoolTaskExecutor  : Shutting down ExecutorService 'applicationTaskExecutor'
2021-01-04 17:50:04.501  INFO 1244 --- [SpringContextShutdownHook] j.LocalContainerEntityManagerFactoryBean : Closing JPA EntityManagerFactory for persistence unit 'default'
2021-01-04 17:50:04.506  INFO 1244 --- [SpringContextShutdownHook] com.zaxxer.hikari.HikariDataSource       : HikariPool-1 - Shutdown initiated...
2021-01-04 17:50:04.527  INFO 1244 --- [SpringContextShutdownHook] com.zaxxer.hikari.HikariDataSource       : HikariPool-1 - Shutdown completed.
